2022-10-02 13:38:37,063 [INFO] Activator:178 - 


2022-10-02 13:38:37,068 [INFO] Activator:179 - !SESSION log4j initialized
2022-10-02 13:38:43,117 [INFO] ApplicationProperties:181 - Using Application install path: C:\ST\STM32CubeIDE_1.4.0\STM32CubeIDE\plugins\com.st.stm32cube.common.mx_6.0.0.202007160824
2022-10-02 13:38:43,152 [INFO] DbMcusXml:70 - Set database path to: C:\ST\STM32CubeIDE_1.4.0\STM32CubeIDE\plugins\com.st.stm32cube.common.mx_6.0.0.202007160824\\db\/mcu/
2022-10-02 13:38:43,167 [INFO] DbBoardsPdsc:56 - Set plugin database path to: C:\ST\STM32CubeIDE_1.4.0\STM32CubeIDE\plugins\com.st.stm32cube.common.mx_6.0.0.202007160824\\db\/plugins/boardmanager/
2022-10-02 13:38:43,167 [INFO] DbMcus:258 - Set plugin images path to: C:\ST\STM32CubeIDE_1.4.0\STM32CubeIDE\plugins\com.st.stm32cube.common.mx_6.0.0.202007160824\\db\/plugins/mcufinder/images/
2022-10-02 13:38:43,182 [INFO] DbBoards:264 - Set plugin images path to: C:\ST\STM32CubeIDE_1.4.0\STM32CubeIDE\plugins\com.st.stm32cube.common.mx_6.0.0.202007160824\\db\/plugins/mcufinder/images/
2022-10-02 13:38:43,192 [INFO] DbExamples:326 - Set plugin images path to: C:\ST\STM32CubeIDE_1.4.0\STM32CubeIDE\plugins\com.st.stm32cube.common.mx_6.0.0.202007160824\\db\/plugins/mcufinder/images/
2022-10-02 13:38:43,212 [INFO] DbMcusDocs:112 - Set database path to: C:\Users\soft\.stmcufinder\plugins\mcufinder//mcu/
2022-10-02 13:38:43,222 [INFO] DbMcusJson:63 - Set database path to: C:\Users\soft\.stmcufinder\plugins\mcufinder//mcu/
2022-10-02 13:38:43,222 [INFO] DbBoardsDocs:112 - Set database path to: C:\Users\soft\.stmcufinder\plugins\mcufinder//mcu/
2022-10-02 13:38:43,227 [INFO] DbBoardsJson:56 - Set database path to: C:\Users\soft\.stmcufinder\plugins\mcufinder//mcu/
2022-10-02 13:38:43,237 [INFO] CrossReferenceDbSqlite:196 - Set database path to: C:\Users\soft\.stmcufinder\plugins\mcufinder//mcu/cs/
2022-10-02 13:38:43,247 [INFO] DbExamplesSqlite:800 - Set database path to: C:\Users\soft\.stmcufinder\plugins\mcufinder//mcu/
2022-10-02 13:38:43,552 [INFO] RulesReader:52 - Compatibility file has been processed (209 Rules)
2022-10-02 13:38:43,873 [INFO] MicroXplorer:564 - Detected Java Version = 1.8.0_252
2022-10-02 13:38:43,873 [INFO] DbMcusXml:70 - Set database path to: C:\ST\STM32CubeIDE_1.4.0\STM32CubeIDE\plugins\com.st.stm32cube.common.mx_6.0.0.202007160824\\db\/mcu/
2022-10-02 13:38:43,873 [INFO] DbBoardsPdsc:56 - Set plugin database path to: C:\ST\STM32CubeIDE_1.4.0\STM32CubeIDE\plugins\com.st.stm32cube.common.mx_6.0.0.202007160824\\db\/plugins/boardmanager/
2022-10-02 13:38:43,873 [INFO] DbMcus:258 - Set plugin images path to: C:\ST\STM32CubeIDE_1.4.0\STM32CubeIDE\plugins\com.st.stm32cube.common.mx_6.0.0.202007160824\\db\/plugins/mcufinder/images/
2022-10-02 13:38:43,878 [INFO] DbBoards:264 - Set plugin images path to: C:\ST\STM32CubeIDE_1.4.0\STM32CubeIDE\plugins\com.st.stm32cube.common.mx_6.0.0.202007160824\\db\/plugins/mcufinder/images/
2022-10-02 13:38:43,878 [INFO] DbExamples:326 - Set plugin images path to: C:\ST\STM32CubeIDE_1.4.0\STM32CubeIDE\plugins\com.st.stm32cube.common.mx_6.0.0.202007160824\\db\/plugins/mcufinder/images/
2022-10-02 13:38:43,878 [WARN] DbFile:36 - Overriding database path with different value: C:\Users\soft\.stmcufinder\plugins\mcufinder/ => C:\Users\soft\.stmcufinder\plugins\mcufinder
2022-10-02 13:38:43,878 [INFO] DbMcusDocs:112 - Set database path to: C:\Users\soft\.stmcufinder\plugins\mcufinder//mcu/
2022-10-02 13:38:43,878 [WARN] DbFile:36 - Overriding database path with different value: C:\Users\soft\.stmcufinder\plugins\mcufinder/ => C:\Users\soft\.stmcufinder\plugins\mcufinder
2022-10-02 13:38:43,878 [INFO] DbMcusJson:63 - Set database path to: C:\Users\soft\.stmcufinder\plugins\mcufinder//mcu/
2022-10-02 13:38:43,878 [WARN] DbFile:36 - Overriding database path with different value: C:\Users\soft\.stmcufinder\plugins\mcufinder/ => C:\Users\soft\.stmcufinder\plugins\mcufinder
2022-10-02 13:38:43,878 [INFO] DbBoardsDocs:112 - Set database path to: C:\Users\soft\.stmcufinder\plugins\mcufinder//mcu/
2022-10-02 13:38:43,878 [WARN] DbFile:36 - Overriding database path with different value: C:\Users\soft\.stmcufinder\plugins\mcufinder/ => C:\Users\soft\.stmcufinder\plugins\mcufinder
2022-10-02 13:38:43,882 [INFO] DbBoardsJson:56 - Set database path to: C:\Users\soft\.stmcufinder\plugins\mcufinder//mcu/
2022-10-02 13:38:43,882 [WARN] DbFile:36 - Overriding database path with different value: C:\Users\soft\.stmcufinder\plugins\mcufinder/ => C:\Users\soft\.stmcufinder\plugins\mcufinder
2022-10-02 13:38:43,882 [WARN] DbFile:36 - Overriding database path with different value: C:\Users\soft\.stmcufinder\plugins\mcufinder/ => C:\Users\soft\.stmcufinder\plugins\mcufinder
2022-10-02 13:38:43,882 [INFO] CrossReferenceDbSqlite:196 - Set database path to: C:\Users\soft\.stmcufinder\plugins\mcufinder//mcu/cs/
2022-10-02 13:38:43,882 [WARN] DbFile:36 - Overriding database path with different value: C:\Users\soft\.stmcufinder\plugins\mcufinder/ => C:\Users\soft\.stmcufinder\plugins\mcufinder
2022-10-02 13:38:43,884 [INFO] DbExamplesSqlite:800 - Set database path to: C:\Users\soft\.stmcufinder\plugins\mcufinder//mcu/
2022-10-02 13:38:44,119 [INFO] MainPanel:189 - HeapMemory: 268435456
2022-10-02 13:38:44,635 [INFO] DbMcusXml:70 - Set database path to: C:\ST\STM32CubeIDE_1.4.0\STM32CubeIDE\plugins\com.st.stm32cube.common.mx_6.0.0.202007160824\\db\/mcu/
2022-10-02 13:38:44,635 [INFO] DbBoardsPdsc:56 - Set plugin database path to: C:\ST\STM32CubeIDE_1.4.0\STM32CubeIDE\plugins\com.st.stm32cube.common.mx_6.0.0.202007160824\\db\/plugins/boardmanager/
2022-10-02 13:38:44,635 [INFO] DbMcus:258 - Set plugin images path to: C:\ST\STM32CubeIDE_1.4.0\STM32CubeIDE\plugins\com.st.stm32cube.common.mx_6.0.0.202007160824\\db\/plugins/mcufinder/images/
2022-10-02 13:38:44,635 [INFO] DbBoards:264 - Set plugin images path to: C:\ST\STM32CubeIDE_1.4.0\STM32CubeIDE\plugins\com.st.stm32cube.common.mx_6.0.0.202007160824\\db\/plugins/mcufinder/images/
2022-10-02 13:38:44,635 [INFO] DbExamples:326 - Set plugin images path to: C:\ST\STM32CubeIDE_1.4.0\STM32CubeIDE\plugins\com.st.stm32cube.common.mx_6.0.0.202007160824\\db\/plugins/mcufinder/images/
2022-10-02 13:38:44,635 [WARN] DbFile:36 - Overriding database path with different value: C:\Users\soft\.stmcufinder\plugins\mcufinder/ => C:\Users\soft\.stmcufinder\plugins\mcufinder
2022-10-02 13:38:44,640 [INFO] DbMcusDocs:112 - Set database path to: C:\Users\soft\.stmcufinder\plugins\mcufinder//mcu/
2022-10-02 13:38:44,640 [WARN] DbFile:36 - Overriding database path with different value: C:\Users\soft\.stmcufinder\plugins\mcufinder/ => C:\Users\soft\.stmcufinder\plugins\mcufinder
2022-10-02 13:38:44,640 [INFO] DbMcusJson:63 - Set database path to: C:\Users\soft\.stmcufinder\plugins\mcufinder//mcu/
2022-10-02 13:38:44,640 [WARN] DbFile:36 - Overriding database path with different value: C:\Users\soft\.stmcufinder\plugins\mcufinder/ => C:\Users\soft\.stmcufinder\plugins\mcufinder
2022-10-02 13:38:44,640 [INFO] DbBoardsDocs:112 - Set database path to: C:\Users\soft\.stmcufinder\plugins\mcufinder//mcu/
2022-10-02 13:38:44,640 [WARN] DbFile:36 - Overriding database path with different value: C:\Users\soft\.stmcufinder\plugins\mcufinder/ => C:\Users\soft\.stmcufinder\plugins\mcufinder
2022-10-02 13:38:44,640 [INFO] DbBoardsJson:56 - Set database path to: C:\Users\soft\.stmcufinder\plugins\mcufinder//mcu/
2022-10-02 13:38:44,640 [WARN] DbFile:36 - Overriding database path with different value: C:\Users\soft\.stmcufinder\plugins\mcufinder/ => C:\Users\soft\.stmcufinder\plugins\mcufinder
2022-10-02 13:38:44,640 [WARN] DbFile:36 - Overriding database path with different value: C:\Users\soft\.stmcufinder\plugins\mcufinder/ => C:\Users\soft\.stmcufinder\plugins\mcufinder
2022-10-02 13:38:44,640 [INFO] CrossReferenceDbSqlite:196 - Set database path to: C:\Users\soft\.stmcufinder\plugins\mcufinder//mcu/cs/
2022-10-02 13:38:44,640 [WARN] DbFile:36 - Overriding database path with different value: C:\Users\soft\.stmcufinder\plugins\mcufinder/ => C:\Users\soft\.stmcufinder\plugins\mcufinder
2022-10-02 13:38:44,640 [INFO] DbExamplesSqlite:800 - Set database path to: C:\Users\soft\.stmcufinder\plugins\mcufinder//mcu/
2022-10-02 13:38:44,686 [INFO] ApplicationProperties:181 - Using Application install path: C:\ST\STM32CubeIDE_1.4.0\STM32CubeIDE\plugins\com.st.stm32cube.common.mx_6.0.0.202007160824
2022-10-02 13:38:44,691 [INFO] PluginManage:178 - Search for loadable plugins [exclusion list=, ]
2022-10-02 13:38:44,696 [INFO] PluginManage:292 - Check plugin analytics
2022-10-02 13:38:45,237 [INFO] AnalyticsPlugin:203 - Accepted Software Licenses: 
2022-10-02 13:38:45,237 [INFO] AnalyticsPlugin:205 - Accepted CMSIS Pack Licenses: 
2022-10-02 13:38:45,237 [INFO] AnalyticsPlugin:207 - Accepted Firmware Licenses: 
2022-10-02 13:38:45,237 [INFO] PluginManage:342 - Loaded plugin analytics (category:tool,tabindex:-1)
2022-10-02 13:38:45,237 [INFO] PluginManage:292 - Check plugin clock
2022-10-02 13:38:45,287 [INFO] PluginManage:342 - Loaded plugin clock (category:base,tabindex:2)
2022-10-02 13:38:45,292 [INFO] PluginManage:292 - Check plugin ddr
2022-10-02 13:38:45,297 [INFO] PluginManage:342 - Loaded plugin ddr (category:tool,tabindex:6)
2022-10-02 13:38:45,297 [INFO] PluginManage:292 - Check plugin filemanager
2022-10-02 13:38:45,715 [INFO] PluginManage:342 - Loaded plugin filemanager (category:base,tabindex:10)
2022-10-02 13:38:45,715 [INFO] PluginManage:292 - Check plugin ipmanager
2022-10-02 13:38:45,745 [INFO] PluginManage:342 - Loaded plugin ipmanager (category:base,tabindex:5)
2022-10-02 13:38:45,745 [INFO] PluginManage:292 - Check plugin pinoutandconfiguration
2022-10-02 13:38:45,775 [INFO] PluginManage:342 - Loaded plugin pinoutandconfiguration (category:base,tabindex:1)
2022-10-02 13:38:45,775 [INFO] PluginManage:292 - Check plugin pinoutconfig
2022-10-02 13:38:45,875 [INFO] PluginManage:342 - Loaded plugin pinoutconfig (category:base,tabindex:0)
2022-10-02 13:38:45,875 [INFO] PluginManage:292 - Check plugin power
2022-10-02 13:38:45,906 [INFO] PluginManage:342 - Loaded plugin power (category:power,tabindex:4)
2022-10-02 13:38:45,911 [INFO] PluginManage:292 - Check plugin projectmanager
2022-10-02 13:38:45,956 [INFO] PluginManage:342 - Loaded plugin projectmanager (category:projectmanager,tabindex:3)
2022-10-02 13:38:45,956 [INFO] PluginManage:292 - Check plugin thirdparty
2022-10-02 13:38:46,271 [INFO] ThirdPartyDb:333 - Open Third Party DataBase File (C:/Users/soft/.stm32cubemx/plugins/thirdparty/db/thirdparties_db.xml) : 130 ms. number of Sw pack : 46
2022-10-02 13:38:46,286 [INFO] PluginManage:342 - Loaded plugin thirdparty (category:base,tabindex:-1)
2022-10-02 13:38:46,286 [INFO] PluginManage:292 - Check plugin tools
2022-10-02 13:38:46,291 [INFO] PluginManage:342 - Loaded plugin tools (category:base,tabindex:7)
2022-10-02 13:38:46,291 [INFO] PluginManage:292 - Check plugin tutovideos
2022-10-02 13:38:46,803 [INFO] PluginManage:342 - Loaded plugin tutovideos (category:base,tabindex:-1)
2022-10-02 13:38:46,803 [INFO] PluginManage:292 - Check plugin updater
2022-10-02 13:38:46,828 [INFO] PluginManage:342 - Loaded plugin updater (category:base,tabindex:12)
2022-10-02 13:38:46,833 [INFO] PluginManage:265 - PluginManage : Loaded plugins [13]
2022-10-02 13:38:47,164 [INFO] PinOutPanel:1418 - setPackage(No Configuration,No Configuration)
2022-10-02 13:38:47,331 [INFO] IPUIPlugin:64 - create IPUIPlugin
2022-10-02 13:38:47,331 [INFO] PluginManager:200 - loadIPPluginJar : add adc
2022-10-02 13:38:47,336 [INFO] IPUIPlugin:64 - create IPUIPlugin
2022-10-02 13:38:47,336 [INFO] PluginManager:200 - loadIPPluginJar : add aes
2022-10-02 13:38:47,341 [INFO] IPUIPlugin:64 - create IPUIPlugin
2022-10-02 13:38:47,346 [INFO] PluginManager:200 - loadIPPluginJar : add can
2022-10-02 13:38:47,346 [INFO] IPUIPlugin:64 - create IPUIPlugin
2022-10-02 13:38:47,346 [INFO] PluginManager:200 - loadIPPluginJar : add comp
2022-10-02 13:38:47,352 [INFO] IPUIPlugin:64 - create IPUIPlugin
2022-10-02 13:38:47,352 [INFO] PluginManager:200 - loadIPPluginJar : add cryp
2022-10-02 13:38:47,357 [INFO] IPUIPlugin:64 - create IPUIPlugin
2022-10-02 13:38:47,357 [INFO] PluginManager:200 - loadIPPluginJar : add dfsdm
2022-10-02 13:38:47,368 [INFO] IPUIPlugin:64 - create IPUIPlugin
2022-10-02 13:38:47,368 [INFO] PluginManager:200 - loadIPPluginJar : add dma
2022-10-02 13:38:47,373 [INFO] IPUIPlugin:64 - create IPUIPlugin
2022-10-02 13:38:47,373 [INFO] PluginManager:200 - loadIPPluginJar : add fatfs
2022-10-02 13:38:47,383 [INFO] IPUIPlugin:64 - create IPUIPlugin
2022-10-02 13:38:47,383 [INFO] PluginManager:200 - loadIPPluginJar : add fmc
2022-10-02 13:38:47,395 [INFO] IPUIPlugin:64 - create IPUIPlugin
2022-10-02 13:38:47,395 [INFO] PluginManager:200 - loadIPPluginJar : add freertos
2022-10-02 13:38:47,400 [INFO] IPUIPlugin:64 - create IPUIPlugin
2022-10-02 13:38:47,400 [INFO] PluginManager:200 - loadIPPluginJar : add genericplugin
2022-10-02 13:38:47,405 [INFO] IPUIPlugin:64 - create IPUIPlugin
2022-10-02 13:38:47,405 [INFO] PluginManager:200 - loadIPPluginJar : add gfxmmu
2022-10-02 13:38:47,415 [INFO] IPUIPlugin:64 - create IPUIPlugin
2022-10-02 13:38:47,415 [INFO] PluginManager:200 - loadIPPluginJar : add gic
2022-10-02 13:38:47,425 [INFO] IPUIPlugin:64 - create IPUIPlugin
2022-10-02 13:38:47,425 [INFO] PluginManager:200 - loadIPPluginJar : add gpio
2022-10-02 13:38:47,428 [INFO] IPUIPlugin:64 - create IPUIPlugin
2022-10-02 13:38:47,428 [INFO] PluginManager:200 - loadIPPluginJar : add gtzc
2022-10-02 13:38:47,433 [INFO] IPUIPlugin:64 - create IPUIPlugin
2022-10-02 13:38:47,433 [INFO] PluginManager:200 - loadIPPluginJar : add hash
2022-10-02 13:38:47,448 [INFO] IPUIPlugin:64 - create IPUIPlugin
2022-10-02 13:38:47,448 [INFO] PluginManager:200 - loadIPPluginJar : add i2c
2022-10-02 13:38:47,452 [INFO] IPUIPlugin:64 - create IPUIPlugin
2022-10-02 13:38:47,457 [INFO] PluginManager:200 - loadIPPluginJar : add i2s
2022-10-02 13:38:47,462 [INFO] IPUIPlugin:64 - create IPUIPlugin
2022-10-02 13:38:47,462 [INFO] PluginManager:200 - loadIPPluginJar : add ipddr
2022-10-02 13:38:47,467 [INFO] IPUIPlugin:64 - create IPUIPlugin
2022-10-02 13:38:47,467 [INFO] PluginManager:200 - loadIPPluginJar : add ltdc
2022-10-02 13:38:47,475 [INFO] IPUIPlugin:64 - create IPUIPlugin
2022-10-02 13:38:47,475 [INFO] PluginManager:200 - loadIPPluginJar : add mdma
2022-10-02 13:38:47,480 [INFO] IPUIPlugin:64 - create IPUIPlugin
2022-10-02 13:38:47,480 [INFO] PluginManager:200 - loadIPPluginJar : add nvic
2022-10-02 13:38:47,485 [INFO] IPUIPlugin:64 - create IPUIPlugin
2022-10-02 13:38:47,485 [INFO] PluginManager:200 - loadIPPluginJar : add opamp
2022-10-02 13:38:47,495 [INFO] IPUIPlugin:64 - create IPUIPlugin
2022-10-02 13:38:47,495 [INFO] PluginManager:200 - loadIPPluginJar : add openamp
2022-10-02 13:38:47,500 [INFO] IPUIPlugin:64 - create IPUIPlugin
2022-10-02 13:38:47,500 [INFO] PluginManager:200 - loadIPPluginJar : add pdm2pcm
2022-10-02 13:38:47,510 [INFO] IPUIPlugin:64 - create IPUIPlugin
2022-10-02 13:38:47,515 [INFO] PluginManager:200 - loadIPPluginJar : add plateformsettings
2022-10-02 13:38:47,520 [INFO] IPUIPlugin:64 - create IPUIPlugin
2022-10-02 13:38:47,520 [INFO] PluginManager:200 - loadIPPluginJar : add quadspi
2022-10-02 13:38:47,530 [INFO] IPUIPlugin:64 - create IPUIPlugin
2022-10-02 13:38:47,530 [INFO] PluginManager:200 - loadIPPluginJar : add resmgrutility
2022-10-02 13:38:47,535 [INFO] IPUIPlugin:64 - create IPUIPlugin
2022-10-02 13:38:47,535 [INFO] PluginManager:200 - loadIPPluginJar : add sai
2022-10-02 13:38:47,540 [INFO] IPUIPlugin:64 - create IPUIPlugin
2022-10-02 13:38:47,540 [INFO] PluginManager:200 - loadIPPluginJar : add spi
2022-10-02 13:38:47,546 [INFO] IPUIPlugin:64 - create IPUIPlugin
2022-10-02 13:38:47,551 [INFO] PluginManager:200 - loadIPPluginJar : add stm32_wpan
2022-10-02 13:38:47,551 [INFO] IPUIPlugin:64 - create IPUIPlugin
2022-10-02 13:38:47,551 [INFO] PluginManager:200 - loadIPPluginJar : add tim
2022-10-02 13:38:47,561 [INFO] IPUIPlugin:64 - create IPUIPlugin
2022-10-02 13:38:47,561 [INFO] PluginManager:200 - loadIPPluginJar : add touchsensing
2022-10-02 13:38:47,566 [INFO] IPUIPlugin:64 - create IPUIPlugin
2022-10-02 13:38:47,566 [INFO] PluginManager:200 - loadIPPluginJar : add tracer_emb
2022-10-02 13:38:47,566 [INFO] IPUIPlugin:64 - create IPUIPlugin
2022-10-02 13:38:47,571 [INFO] PluginManager:200 - loadIPPluginJar : add ts
2022-10-02 13:38:47,571 [INFO] IPUIPlugin:64 - create IPUIPlugin
2022-10-02 13:38:47,571 [INFO] PluginManager:200 - loadIPPluginJar : add tsc
2022-10-02 13:38:47,576 [INFO] IPUIPlugin:64 - create IPUIPlugin
2022-10-02 13:38:47,576 [INFO] PluginManager:200 - loadIPPluginJar : add ucpd
2022-10-02 13:38:47,581 [INFO] IPUIPlugin:64 - create IPUIPlugin
2022-10-02 13:38:47,581 [INFO] PluginManager:200 - loadIPPluginJar : add usart
2022-10-02 13:38:48,576 [INFO] CubeProgrammer:457 - [DDR PANEL] - PathOfProgrammer: null
2022-10-02 13:38:49,856 [FATAL] Updater:282 - Updater called before beeing initialized
2022-10-02 13:38:50,134 [FATAL] Updater:282 - Updater called before beeing initialized
2022-10-02 13:38:50,134 [WARN] ThirdParty:775 - waiting for thirdparty lock release [close project]
2022-10-02 13:38:50,134 [INFO] ThirdParty:777 - entering critical section [close project]
2022-10-02 13:38:50,134 [INFO] ThirdParty:790 - exiting critical section [close project]
2022-10-02 13:38:50,139 [INFO] PinOutPanel:1418 - setPackage(No Configuration,No Configuration)
2022-10-02 13:38:50,139 [FATAL] Updater:282 - Updater called before beeing initialized
2022-10-02 13:38:50,153 [ERROR] Updater:967 - MainUpdater not yet initialized. External WinMGr cannot be set.
2022-10-02 13:38:50,153 [INFO] CubeProgrammer:457 - [DDR PANEL] - PathOfProgrammer: C:\ST\STM32CubeIDE_1.4.0\STM32CubeIDE\plugins\com.st.stm32cube.ide.mcu.externaltools.cubeprogrammer.win32_1.4.0.202007081208\tools\bin
2022-10-02 13:38:50,164 [INFO] ProgrammerExecThread:148 - [ProgrammerAPI] CubeProgrammer command construction: C:\ST\STM32CubeIDE_1.4.0\STM32CubeIDE\plugins\com.st.stm32cube.ide.mcu.externaltools.cubeprogrammer.win32_1.4.0.202007081208\tools\bin\STM32_Programmer_CLI.exe -l
2022-10-02 13:38:50,700 [INFO] MainDdrPanel:49 - [DDR PANEL] SETTER - Set cubeProgrammerPath to: C:\ST\STM32CubeIDE_1.4.0\STM32CubeIDE\plugins\com.st.stm32cube.ide.mcu.externaltools.cubeprogrammer.win32_1.4.0.202007081208\tools\bin
2022-10-02 13:38:50,762 [INFO] Updater:904 - Updater Version found : 6.0.0
2022-10-02 13:38:50,812 [INFO] ApplicationProperties:181 - Using Application install path: C:\ST\STM32CubeIDE_1.4.0\STM32CubeIDE\plugins\com.st.stm32cube.common.mx_6.0.0.202007160824
2022-10-02 13:38:53,080 [WARN] ServerAccessManage:1026 - Warning during Server Connexion :  timeout connect timed out
2022-10-02 13:38:55,185 [WARN] ServerAccessManage:1026 - Warning during Server Connexion :  timeout Read timed out
2022-10-02 13:38:57,417 [WARN] ServerAccessManage:1026 - Warning during Server Connexion :  timeout Read timed out
2022-10-02 13:38:59,432 [WARN] ServerAccessManage:1026 - Warning during Server Connexion :  timeout connect timed out
2022-10-02 13:38:59,437 [INFO] MainUpdater:2268 - connection check result : 22
2022-10-02 13:38:59,447 [INFO] MainUpdater:239 - Updater Check For Update Now.
2022-10-02 13:38:59,447 [INFO] MicroXplorer:414 - Change Database Version : DB.6.0.0
2022-10-02 13:38:59,612 [INFO] CheckServerUpdateThread:102 - End of CheckServer Thread
2022-10-02 13:39:00,719 [WARN] ServerAccessManage:1026 - Warning during Server Connexion :  timeout Read timed out
2022-10-02 13:39:01,337 [WARN] IntegrityCheckThread:61 - waiting for thirdparty lock release [integrity check]
2022-10-02 13:39:01,337 [INFO] IntegrityCheckThread:63 - entering critical section [integrity check]
2022-10-02 13:39:01,338 [WARN] MainUpdater:1087 - Updater busy. Cannot search thirdparties
2022-10-02 13:39:01,731 [WARN] ServerAccessManage:1026 - Warning during Server Connexion :  timeout connect timed out
2022-10-02 13:39:02,739 [WARN] ServerAccessManage:1026 - Warning during Server Connexion :  timeout connect timed out
2022-10-02 13:39:03,842 [WARN] ServerAccessManage:1026 - Warning during Server Connexion :  timeout Read timed out
2022-10-02 13:39:03,842 [INFO] MainUpdater:2268 - connection check result : 22
2022-10-02 13:39:05,289 [INFO] ThirdPartyDb:299 - Save Third Party DataBase File (C:/Users/soft/.stm32cubemx/plugins/thirdparty/db/thirdparties_db.xml) [forced]
2022-10-02 13:39:05,468 [INFO] ThirdPartyDb:299 - Save Third Party DataBase File (C:/Users/soft/.stm32cubemx/plugins/thirdparty/db/thirdparties_db.xml) [forced]
2022-10-02 13:39:05,618 [INFO] IntegrityCheckThread:76 - exiting critical section [integrity check]
2022-10-02 13:39:05,618 [INFO] IntegrityCheckThread:79 - End integrity checks thread
2022-10-02 13:39:23,383 [WARN] ServerAccessManage:1026 - Warning during Server Connexion :  timeout Read timed out
2022-10-02 13:39:24,486 [WARN] ServerAccessManage:1026 - Warning during Server Connexion :  timeout Read timed out
2022-10-02 13:39:25,598 [WARN] ServerAccessManage:1026 - Warning during Server Connexion :  timeout Read timed out
2022-10-02 13:39:26,888 [WARN] ServerAccessManage:1026 - Warning during Server Connexion :  timeout connect timed out
2022-10-02 13:39:26,893 [INFO] MainUpdater:2268 - connection check result : 22
2022-10-02 13:39:38,195 [WARN] ServerAccessManage:1026 - Warning during Server Connexion :  timeout connect timed out
2022-10-02 13:39:39,308 [WARN] ServerAccessManage:1026 - Warning during Server Connexion :  timeout Read timed out
2022-10-02 13:39:40,321 [WARN] ServerAccessManage:1026 - Warning during Server Connexion :  timeout connect timed out
2022-10-02 13:39:41,329 [WARN] ServerAccessManage:1026 - Warning during Server Connexion :  timeout connect timed out
2022-10-02 13:39:41,334 [INFO] MainUpdater:2268 - connection check result : 22
2022-10-02 13:39:44,509 [INFO] McuFinderGlobals:40 - Set McuFinder mode to 2 (CubeIDE integrated)
2022-10-02 13:39:44,759 [INFO] CrossSelectorPresenter:1330 - Cross Selector saved comparison directory: C:\Users\soft\.stmcufinder\plugins\mcufinder\mcu\cs_comparisons_mx
2022-10-02 13:39:44,769 [INFO] MultiScanPanel:193 - Auto-refresh data requested => check proxy status ongoing
2022-10-02 13:39:44,774 [INFO] FinderPluginLoader:87 - Searching for filters in installed packs
2022-10-02 13:39:44,774 [INFO] DbMcusXml:100 - Load MCU database from C:\ST\STM32CubeIDE_1.4.0\STM32CubeIDE\plugins\com.st.stm32cube.common.mx_6.0.0.202007160824\\db\/mcu/families.xml
2022-10-02 13:39:46,311 [INFO] DbMcusJson:92 - JSON generation date=Tue Nov 16 18:17:54 EET 2021 (1637079474)
2022-10-02 13:39:48,209 [INFO] DbMcus:175 - Found 1761 MCUs (1722 are supported by CubeMX, 1911 are visible in CubeMX)
2022-10-02 13:39:48,209 [INFO] ApiDb:201 - Load user favorites file C:\Users\soft/.stm32cubeide/favorites.mcus.txt: 0 item(s)
2022-10-02 13:39:48,209 [INFO] ApiDb:205 - User favorites MCUs=[]
2022-10-02 13:39:48,209 [INFO] DbMcus:187 - Set 0 / 0 favorites MCUs
2022-10-02 13:39:50,126 [INFO] McuFilterPanel:245 - Update 0 favorites MCUs
2022-10-02 13:39:50,340 [INFO] DbBoardsPdsc:94 - Found 23 items
2022-10-02 13:39:50,340 [INFO] DbBoardsPdsc:94 - Found 9 items
2022-10-02 13:39:50,353 [INFO] DbBoardsPdsc:94 - Found 29 items
2022-10-02 13:39:50,358 [INFO] DbBoardsPdsc:94 - Found 1 items
2022-10-02 13:39:50,368 [INFO] DbBoardsPdsc:94 - Found 44 items
2022-10-02 13:39:50,443 [INFO] DbBoardsPdsc:94 - Found 40 items
2022-10-02 13:39:50,451 [INFO] DbBoardsPdsc:94 - Found 2 items
2022-10-02 13:39:50,458 [INFO] DbBoardsPdsc:94 - Found 4 items
2022-10-02 13:39:50,473 [WARN] DbBoardsPdsc:258 - Board STM32H7B3I-DK: unknown feature type=Audio, name=, username=Audio stereo codec with Headphone Amp (CS42L51-CNZ), n=1
2022-10-02 13:39:50,473 [WARN] DbBoardsPdsc:258 - Board STM32H735G-DK: unknown feature type=Audio, name=, username=Audio stereo codec with Headphone Amp (WM8994ECS/R), n=1
2022-10-02 13:39:50,478 [WARN] DbBoardsPdsc:258 - Board STM32H7B3I-EVAL: unknown feature type=Audio, name=, username=Multi-Channel Audio Codec (CS42L51-CNZ), n=1
2022-10-02 13:39:50,478 [WARN] DbBoardsPdsc:258 - Board STM32H7B3I-EVAL: unknown feature type=Meter, name=, username=Power-metering and Temperature-monitoring with sigma-delta modulators, n=1
2022-10-02 13:39:50,478 [WARN] DbBoardsPdsc:258 - Board STM32H7B3I-EVAL: unknown feature type=Motor, name=, username=Motor Control, n=1
2022-10-02 13:39:50,518 [INFO] DbBoardsJson:85 - JSON generation date=Tue Nov 16 18:17:54 EET 2021 (1637079474)
2022-10-02 13:39:50,543 [INFO] DbBoards:117 - Found 166 boards (149 are supported by CubeMX)
2022-10-02 13:39:50,553 [INFO] DbBoardsDocs:145 - JSON generation date=Tue Nov 16 18:17:54 EET 2021 (1637079474)
2022-10-02 13:39:50,563 [INFO] DbBoardsDocs:81 - Found 209 boards documents
2022-10-02 13:39:50,568 [WARN] DbBoards:127 - board B-L475E-IOT01A2 has no document id list !
2022-10-02 13:39:50,568 [WARN] DbBoards:127 - board NUCLEO-H743ZI has no document id list !
2022-10-02 13:39:50,573 [WARN] DbBoards:127 - board P-NUCLEO-WB55-Nucleo has no document id list !
2022-10-02 13:39:50,573 [WARN] DbBoards:127 - board P-NUCLEO-WB55-USBDongle has no document id list !
2022-10-02 13:39:50,573 [WARN] DbBoards:127 - board STEVAL-BFA001V1B has no document id list !
2022-10-02 13:39:50,573 [WARN] DbBoards:127 - board STEVAL-BFA001V2B has no document id list !
2022-10-02 13:39:50,573 [WARN] DbBoards:127 - board STEVAL-IDP005V1 has no document id list !
2022-10-02 13:39:50,573 [WARN] DbBoards:127 - board STEVAL-IDP005V2 has no document id list !
2022-10-02 13:39:50,573 [WARN] DbBoards:127 - board STEVAL-MKSBOX1V1 has no document id list !
2022-10-02 13:39:50,576 [WARN] DbBoards:127 - board STEVAL-STWINKT1 has no document id list !
2022-10-02 13:39:50,576 [WARN] DbBoards:127 - board STEVAL-STWINKT1B has no document id list !
2022-10-02 13:39:50,576 [WARN] DbBoards:127 - board STM32439I-EVAL2 has no document id list !
2022-10-02 13:39:50,576 [WARN] DbBoards:127 - board STM32F401C-DISCO has no document id list !
2022-10-02 13:39:50,578 [WARN] DbBoards:127 - board STM32F769I-DISC1 has no document id list !
2022-10-02 13:39:50,578 [WARN] DbBoards:127 - board STM32G474E-EVAL1 has no document id list !
2022-10-02 13:39:50,578 [WARN] DbBoards:127 - board STM32H743I-EVAL2 has no document id list !
2022-10-02 13:39:50,578 [WARN] DbBoards:127 - board STM32H747I-DISC1 has no document id list !
2022-10-02 13:39:50,578 [WARN] DbBoards:127 - board STM32H753I-EVAL2 has no document id list !
2022-10-02 13:39:50,578 [WARN] DbBoards:127 - board STM32L-DISCOVERY has no document id list !
2022-10-02 13:39:50,775 [ERROR] DbBoards:189 - Image file not found for board B-L462E-CELL1: C:\ST\STM32CubeIDE_1.4.0\STM32CubeIDE\plugins\com.st.stm32cube.common.mx_6.0.0.202007160824\\db\/plugins/mcufinder/images/boards/B-L462E-CELL1_small.jpg
2022-10-02 13:39:50,875 [ERROR] DbBoards:189 - Image file not found for board B-U585I-IOT02A: C:\ST\STM32CubeIDE_1.4.0\STM32CubeIDE\plugins\com.st.stm32cube.common.mx_6.0.0.202007160824\\db\/plugins/mcufinder/images/boards/B-U585I-IOT02A_small.jpg
2022-10-02 13:39:51,030 [ERROR] DbBoards:189 - Image file not found for board NUCLEO-F413ZH: C:\ST\STM32CubeIDE_1.4.0\STM32CubeIDE\plugins\com.st.stm32cube.common.mx_6.0.0.202007160824\\db\/plugins/mcufinder/images/boards/nucleo-f413zh_small.jpg
2022-10-02 13:39:51,290 [ERROR] DbBoards:189 - Image file not found for board NUCLEO-L552ZE-Q: C:\ST\STM32CubeIDE_1.4.0\STM32CubeIDE\plugins\com.st.stm32cube.common.mx_6.0.0.202007160824\\db\/plugins/mcufinder/images/boards/nucleo_l552ze_q_small.jpg
2022-10-02 13:39:51,290 [ERROR] DbBoards:189 - Image file not found for board NUCLEO-U575ZI-Q: C:\ST\STM32CubeIDE_1.4.0\STM32CubeIDE\plugins\com.st.stm32cube.common.mx_6.0.0.202007160824\\db\/plugins/mcufinder/images/boards/nucleo-u575zi-q_small.jpg
2022-10-02 13:39:51,290 [ERROR] DbBoards:189 - Image file not found for board NUCLEO-WB15CC: C:\ST\STM32CubeIDE_1.4.0\STM32CubeIDE\plugins\com.st.stm32cube.common.mx_6.0.0.202007160824\\db\/plugins/mcufinder/images/boards/nucleo-wb15cc_small.jpg
2022-10-02 13:39:51,290 [ERROR] DbBoards:189 - Image file not found for board NUCLEO-WB55RG: C:\ST\STM32CubeIDE_1.4.0\STM32CubeIDE\plugins\com.st.stm32cube.common.mx_6.0.0.202007160824\\db\/plugins/mcufinder/images/boards/nucleo-wb55rg_small.jpg
2022-10-02 13:39:51,290 [ERROR] DbBoards:189 - Image file not found for board NUCLEO-WL55JC: C:\ST\STM32CubeIDE_1.4.0\STM32CubeIDE\plugins\com.st.stm32cube.common.mx_6.0.0.202007160824\\db\/plugins/mcufinder/images/boards/nucleo-wl55jc-small.jpg
2022-10-02 13:39:51,657 [ERROR] DbBoards:189 - Image file not found for board STEVAL-STWINKT1B: C:\ST\STM32CubeIDE_1.4.0\STM32CubeIDE\plugins\com.st.stm32cube.common.mx_6.0.0.202007160824\\db\/plugins/mcufinder/images/boards/steval-stwinkt1b_small.jpg
2022-10-02 13:39:52,239 [ERROR] DbBoards:189 - Image file not found for board STM32G0C1E-EV: C:\ST\STM32CubeIDE_1.4.0\STM32CubeIDE\plugins\com.st.stm32cube.common.mx_6.0.0.202007160824\\db\/plugins/mcufinder/images/boards/stm32g0c1e-eval_small.jpg
2022-10-02 13:39:52,411 [ERROR] DbBoards:189 - Image file not found for board STM32H7B3I-EVAL: C:\ST\STM32CubeIDE_1.4.0\STM32CubeIDE\plugins\com.st.stm32cube.common.mx_6.0.0.202007160824\\db\/plugins/mcufinder/images/boards/stm32h7b3ieval_small.jpg
2022-10-02 13:39:52,698 [ERROR] DbBoards:189 - Image file not found for board STM32U575I-EV: C:\ST\STM32CubeIDE_1.4.0\STM32CubeIDE\plugins\com.st.stm32cube.common.mx_6.0.0.202007160824\\db\/plugins/mcufinder/images/boards/stm32u575i-ev_small.jpg
2022-10-02 13:39:52,753 [ERROR] DbBoards:189 - Image file not found for board STM32WB5MM-DK: C:\ST\STM32CubeIDE_1.4.0\STM32CubeIDE\plugins\com.st.stm32cube.common.mx_6.0.0.202007160824\\db\/plugins/mcufinder/images/boards/STM32WB5MM-DK_small.jpg
2022-10-02 13:39:52,758 [INFO] ApiDb:201 - Load user favorites file C:\Users\soft/.stm32cubeide/favorites.boards.txt: 0 item(s)
2022-10-02 13:39:52,758 [INFO] ApiDb:205 - User favorites Boards=[]
2022-10-02 13:39:52,758 [INFO] DbBoards:206 - Set 0 / 0 favorites Boards
2022-10-02 13:40:05,403 [INFO] DbMcusDocs:145 - JSON generation date=Tue Nov 16 18:17:54 EET 2021 (1637079474)
2022-10-02 13:40:06,106 [INFO] DbMcusDocs:81 - Found 682 MCUs documents
2022-10-02 13:40:32,939 [INFO] LogOutputStream:76 - [STDOUT_REDIRECT] withoutVersionV1.8.4
2022-10-02 13:40:32,939 [INFO] LogOutputStream:76 - [STDOUT_REDIRECT] withoutVersionV1.8.3
2022-10-02 13:40:32,944 [INFO] LogOutputStream:76 - [STDOUT_REDIRECT] withoutVersionV1.8.2
2022-10-02 13:40:32,944 [INFO] LogOutputStream:76 - [STDOUT_REDIRECT] withoutVersionV1.8.1
2022-10-02 13:40:32,944 [INFO] LogOutputStream:76 - [STDOUT_REDIRECT] withoutVersionV1.8.0
2022-10-02 13:40:43,649 [INFO] ApiDb:226 - Save user favorites file C:\Users\soft/.stm32cubeide/favorites.mcus.txt: 0 item(s)
2022-10-02 13:40:43,649 [INFO] ApiDb:230 - User favorites MCUs=[]
2022-10-02 15:16:26,434 [INFO] Activator:178 - 


2022-10-02 15:16:26,443 [INFO] Activator:179 - !SESSION log4j initialized
2022-10-02 15:17:26,885 [INFO] RetryExec:97 - I/O exception (org.apache.http.NoHttpResponseException) caught when processing request to {s}->https://download.eclipse.org:443: The target server failed to respond
2022-10-02 15:17:26,892 [INFO] RetryExec:113 - Retrying request to {s}->https://download.eclipse.org:443
2022-10-02 15:17:27,933 [INFO] RetryExec:97 - I/O exception (org.apache.http.NoHttpResponseException) caught when processing request to {s}->https://archive.eclipse.org:443: The target server failed to respond
2022-10-02 15:17:27,934 [INFO] RetryExec:113 - Retrying request to {s}->https://archive.eclipse.org:443
2022-10-02 15:17:28,953 [INFO] RetryExec:97 - I/O exception (org.apache.http.NoHttpResponseException) caught when processing request to {s}->https://download.eclipse.org:443: The target server failed to respond
2022-10-02 15:17:28,954 [INFO] RetryExec:113 - Retrying request to {s}->https://download.eclipse.org:443
